[INFO] Scanning for projects...
[WARNING] 
[WARNING] Some problems were encountered while building the effective model for com.example:deliveryAdmin:jar:0.0.1-SNAPSHOT
[WARNING] 'dependencies.dependency.(groupId:artifactId:type:classifier)' must be unique: org.springframework.boot:spring-boot-starter-validation:jar -> duplicate declaration of version (?) @ line 74, column 21
[WARNING] 
[WARNING] It is highly recommended to fix these problems because they threaten the stability of your build.
[WARNING] 
[WARNING] For this reason, future Maven versions might no longer support building such malformed projects.
[WARNING] 
[INFO] 
[INFO] ---------------------< com.example:deliveryAdmin >----------------------
[INFO] Building deliveryAdmin 0.0.1-SNAPSHOT
[INFO]   from pom.xml
[INFO] --------------------------------[ jar ]---------------------------------
[INFO] 
[INFO] >>> spring-boot:3.5.3:run (default-cli) > test-compile @ deliveryAdmin >>>
[INFO] 
[INFO] --- resources:3.3.1:resources (default-resources) @ deliveryAdmin ---
[INFO] Copying 1 resource from src/main/resources to target/classes
[INFO] Copying 0 resource from src/main/resources to target/classes
[INFO] 
[INFO] --- compiler:3.14.0:compile (default-compile) @ deliveryAdmin ---
[INFO] Recompiling the module because of changed source code.
[INFO] Compiling 70 source files with javac [debug parameters release 17] to target/classes
[INFO] Annotation processing is enabled because one or more processors were found
  on the class path. A future release of javac may disable annotation processing
  unless at least one processor is specified by name (-processor), or a search
  path is specified (--processor-path, --processor-module-path), or annotation
  processing is enabled explicitly (-proc:only, -proc:full).
  Use -Xlint:-options to suppress this message.
  Use -proc:none to disable annotation processing.
[INFO] 
[INFO] --- resources:3.3.1:testResources (default-testResources) @ deliveryAdmin ---
[INFO] skip non existing resourceDirectory /Users/apple/IdeaProjects/meatsfresh_admin/deliveryAdmin/deliveryAdmin/src/test/resources
[INFO] 
[INFO] --- compiler:3.14.0:testCompile (default-testCompile) @ deliveryAdmin ---
[INFO] Recompiling the module because of changed dependency.
[INFO] Compiling 1 source file with javac [debug parameters release 17] to target/test-classes
[INFO] Annotation processing is enabled because one or more processors were found
  on the class path. A future release of javac may disable annotation processing
  unless at least one processor is specified by name (-processor), or a search
  path is specified (--processor-path, --processor-module-path), or annotation
  processing is enabled explicitly (-proc:only, -proc:full).
  Use -Xlint:-options to suppress this message.
  Use -proc:none to disable annotation processing.
[INFO] 
[INFO] <<< spring-boot:3.5.3:run (default-cli) < test-compile @ deliveryAdmin <<<
[INFO] 
[INFO] 
[INFO] --- spring-boot:3.5.3:run (default-cli) @ deliveryAdmin ---
[INFO] Attaching agents: []

  .   ____          _            __ _ _
 /\\ / ___'_ __ _ _(_)_ __  __ _ \ \ \ \
( ( )\___ | '_ | '_| | '_ \/ _` | \ \ \ \
 \\/  ___)| |_)| | | | | || (_| |  ) ) ) )
  '  |____| .__|_| |_|_| |_\__, | / / / /
 =========|_|==============|___/=/_/_/_/

 :: Spring Boot ::                (v3.5.3)

2026-01-20T15:53:04.566+05:30  INFO 6256 --- [deliveryAdmin] [           main] c.meatsfresh.DeliveryAdminApplication    : Starting DeliveryAdminApplication using Java 21.0.9 with PID 6256 (/Users/apple/IdeaProjects/meatsfresh_admin/deliveryAdmin/deliveryAdmin/target/classes started by apple in /Users/apple/IdeaProjects/meatsfresh_admin/deliveryAdmin/deliveryAdmin)
2026-01-20T15:53:04.569+05:30  INFO 6256 --- [deliveryAdmin] [           main] c.meatsfresh.DeliveryAdminApplication    : No active profile set, falling back to 1 default profile: "default"
2026-01-20T15:53:05.185+05:30  INFO 6256 --- [deliveryAdmin] [           main] .s.d.r.c.RepositoryConfigurationDelegate : Bootstrapping Spring Data JPA repositories in DEFAULT mode.
2026-01-20T15:53:05.256+05:30  INFO 6256 --- [deliveryAdmin] [           main] .s.d.r.c.RepositoryConfigurationDelegate : Finished Spring Data repository scanning in 62 ms. Found 10 JPA repository interfaces.
2026-01-20T15:53:05.746+05:30  INFO 6256 --- [deliveryAdmin] [           main] o.s.b.w.embedded.tomcat.TomcatWebServer  : Tomcat initialized with port 8086 (http)
2026-01-20T15:53:05.760+05:30  INFO 6256 --- [deliveryAdmin] [           main] o.apache.catalina.core.StandardService   : Starting service [Tomcat]
2026-01-20T15:53:05.760+05:30  INFO 6256 --- [deliveryAdmin] [           main] o.apache.catalina.core.StandardEngine    : Starting Servlet engine: [Apache Tomcat/10.1.42]
2026-01-20T15:53:05.919+05:30  INFO 6256 --- [deliveryAdmin] [           main] org.apache.jasper.servlet.TldScanner     : At least one JAR was scanned for TLDs yet contained no TLDs. Enable debug logging for this logger for a complete list of JARs that were scanned but no TLDs were found in them. Skipping unneeded JARs during scanning can improve startup time and JSP compilation time.
2026-01-20T15:53:05.923+05:30  INFO 6256 --- [deliveryAdmin] [           main] o.a.c.c.C.[.[.[/deliveryAdmin]           : Initializing Spring embedded WebApplicationContext
2026-01-20T15:53:05.924+05:30  INFO 6256 --- [deliveryAdmin] [           main] w.s.c.ServletWebServerApplicationContext : Root WebApplicationContext: initialization completed in 1309 ms
2026-01-20T15:53:06.077+05:30  INFO 6256 --- [deliveryAdmin] [           main] o.hibernate.jpa.internal.util.LogHelper  : HHH000204: Processing PersistenceUnitInfo [name: default]
2026-01-20T15:53:06.126+05:30  INFO 6256 --- [deliveryAdmin] [           main] org.hibernate.Version                    : HHH000412: Hibernate ORM core version 6.6.18.Final
2026-01-20T15:53:06.152+05:30  INFO 6256 --- [deliveryAdmin] [           main] o.h.c.internal.RegionFactoryInitiator    : HHH000026: Second-level cache disabled
2026-01-20T15:53:06.401+05:30  INFO 6256 --- [deliveryAdmin] [           main] o.s.o.j.p.SpringPersistenceUnitInfo      : No LoadTimeWeaver setup: ignoring JPA class transformer
2026-01-20T15:53:06.429+05:30  INFO 6256 --- [deliveryAdmin] [           main] com.zaxxer.hikari.HikariDataSource       : HikariPool-1 - Starting...
2026-01-20T15:53:06.574+05:30  INFO 6256 --- [deliveryAdmin] [           main] com.zaxxer.hikari.pool.HikariPool        : HikariPool-1 - Added connection org.postgresql.jdbc.PgConnection@43b6cb1c
2026-01-20T15:53:06.576+05:30  INFO 6256 --- [deliveryAdmin] [           main] com.zaxxer.hikari.HikariDataSource       : HikariPool-1 - Start completed.
2026-01-20T15:53:06.607+05:30  WARN 6256 --- [deliveryAdmin] [           main] org.hibernate.orm.deprecation            : HHH90000025: PostgreSQLDialect does not need to be specified explicitly using 'hibernate.dialect' (remove the property setting and it will be selected by default)
2026-01-20T15:53:06.625+05:30  INFO 6256 --- [deliveryAdmin] [           main] org.hibernate.orm.connections.pooling    : HHH10001005: Database info:
	Database JDBC URL [Connecting through datasource 'HikariDataSource (HikariPool-1)']
	Database driver: undefined/unknown
	Database version: 17.6
	Autocommit mode: undefined/unknown
	Isolation level: undefined/unknown
	Minimum pool size: undefined/unknown
	Maximum pool size: undefined/unknown
2026-01-20T15:53:07.578+05:30  INFO 6256 --- [deliveryAdmin] [           main] o.h.e.t.j.p.i.JtaPlatformInitiator       : HHH000489: No JTA platform available (set 'hibernate.transaction.jta.platform' to enable JTA platform integration)
2026-01-20T15:53:08.020+05:30  INFO 6256 --- [deliveryAdmin] [           main] j.LocalContainerEntityManagerFactoryBean : Initialized JPA EntityManagerFactory for persistence unit 'default'
2026-01-20T15:53:08.277+05:30  INFO 6256 --- [deliveryAdmin] [           main] o.s.d.j.r.query.QueryEnhancerFactory     : Hibernate is in classpath; If applicable, HQL parser will be used.
2026-01-20T15:53:10.313+05:30  WARN 6256 --- [deliveryAdmin] [           main] JpaBaseConfiguration$JpaWebConfiguration : spring.jpa.open-in-view is enabled by default. Therefore, database queries may be performed during view rendering. Explicitly configure spring.jpa.open-in-view to disable this warning
2026-01-20T15:53:10.486+05:30  INFO 6256 --- [deliveryAdmin] [           main] r$InitializeUserDetailsManagerConfigurer : Global AuthenticationManager configured with UserDetailsService bean with name staffDetailsService
2026-01-20T15:53:10.584+05:30 DEBUG 6256 --- [deliveryAdmin] [           main] o.s.s.web.DefaultSecurityFilterChain     : Will secure any request with filters: DisableEncodeUrlFilter, WebAsyncManagerIntegrationFilter, SecurityContextHolderFilter, HeaderWriterFilter, CsrfFilter, LogoutFilter, UsernamePasswordAuthenticationFilter, RequestCacheAwareFilter, SecurityContextHolderAwareRequestFilter, AnonymousAuthenticationFilter, SessionManagementFilter, ExceptionTranslationFilter, AuthorizationFilter
2026-01-20T15:53:10.826+05:30  INFO 6256 --- [deliveryAdmin] [           main] o.s.m.s.b.SimpleBrokerMessageHandler     : Starting...
2026-01-20T15:53:10.826+05:30  INFO 6256 --- [deliveryAdmin] [           main] o.s.m.s.b.SimpleBrokerMessageHandler     : BrokerAvailabilityEvent[available=true, SimpleBrokerMessageHandler [org.springframework.messaging.simp.broker.DefaultSubscriptionRegistry@636e356f]]
2026-01-20T15:53:10.827+05:30  INFO 6256 --- [deliveryAdmin] [           main] o.s.m.s.b.SimpleBrokerMessageHandler     : Started.
2026-01-20T15:53:10.833+05:30  INFO 6256 --- [deliveryAdmin] [           main] o.s.m.s.b.SimpleBrokerMessageHandler     : Stopping...
2026-01-20T15:53:10.833+05:30  INFO 6256 --- [deliveryAdmin] [           main] o.s.m.s.b.SimpleBrokerMessageHandler     : BrokerAvailabilityEvent[available=false, SimpleBrokerMessageHandler [org.springframework.messaging.simp.broker.DefaultSubscriptionRegistry@636e356f]]
2026-01-20T15:53:10.833+05:30  INFO 6256 --- [deliveryAdmin] [           main] o.s.m.s.b.SimpleBrokerMessageHandler     : Stopped.
2026-01-20T15:53:10.834+05:30  WARN 6256 --- [deliveryAdmin] [           main] ConfigServletWebServerApplicationContext : Exception encountered during context initialization - cancelling refresh attempt: org.springframework.context.ApplicationContextException: Failed to start bean 'webServerStartStop'
2026-01-20T15:53:10.837+05:30  INFO 6256 --- [deliveryAdmin] [           main] j.LocalContainerEntityManagerFactoryBean : Closing JPA EntityManagerFactory for persistence unit 'default'
2026-01-20T15:53:10.838+05:30  INFO 6256 --- [deliveryAdmin] [           main] com.zaxxer.hikari.HikariDataSource       : HikariPool-1 - Shutdown initiated...
2026-01-20T15:53:10.841+05:30  INFO 6256 --- [deliveryAdmin] [           main] com.zaxxer.hikari.HikariDataSource       : HikariPool-1 - Shutdown completed.
2026-01-20T15:53:10.853+05:30  INFO 6256 --- [deliveryAdmin] [           main] .s.b.a.l.ConditionEvaluationReportLogger : 

Error starting ApplicationContext. To display the condition evaluation report re-run your application with 'debug' enabled.
2026-01-20T15:53:10.869+05:30 ERROR 6256 --- [deliveryAdmin] [           main] o.s.b.d.LoggingFailureAnalysisReporter   : 

***************************
APPLICATION FAILED TO START
***************************

Description:

Web server failed to start. Port 8086 was already in use.

Action:

Identify and stop the process that's listening on port 8086 or configure this application to listen on another port.

[INFO] ------------------------------------------------------------------------
[INFO] BUILD FAILURE
[INFO] ------------------------------------------------------------------------
[INFO] Total time:  11.728 s
[INFO] Finished at: 2026-01-20T15:53:10+05:30
[INFO] ------------------------------------------------------------------------
[ERROR] Failed to execute goal org.springframework.boot:spring-boot-maven-plugin:3.5.3:run (default-cli) on project deliveryAdmin: Process terminated with exit code: 1 -> [Help 1]
[ERROR] 
[ERROR] To see the full stack trace of the errors, re-run Maven with the -e switch.
[ERROR] Re-run Maven using the -X switch to enable full debug logging.
[ERROR] 
[ERROR] For more information about the errors and possible solutions, please read the following articles:
[ERROR] [Help 1] http://cwiki.apache.org/confluence/display/MAVEN/MojoExecutionException
